Using pre-set license
Built from '2022.3/staging' branch; Version is '2022.3.33f1 (b2c853adf198) revision 11716691'; Using compiler version '192829333'; Build Type 'Release'
OS: 'Windows 11  (10.0.22631) 64bit CoreSingleLanguage' Language: 'en' Physical Memory: 7930 MB
BatchMode: 1, IsHumanControllingUs: 0, StartBugReporterOnCrash: 0, Is64bit: 1, IsPro: 1

COMMAND LINE ARGUMENTS:
D:\UNITY_PROJECT\2022.3.33f1\Editor\Unity.exe
-adb2
-batchMode
-noUpm
-name
AssetImportWorker3
-projectPath
D:/Clone1
-logFile
Logs/AssetImportWorker3.log
-srvPort
54143
Successfully changed project path to: D:/Clone1
D:/Clone1
[UnityMemory] Configuration Parameters - Can be set up in boot.config
    "memorysetup-bucket-allocator-granularity=16"
    "memorysetup-bucket-allocator-bucket-count=8"
    "memorysetup-bucket-allocator-block-size=33554432"
    "memorysetup-bucket-allocator-block-count=8"
    "memorysetup-main-allocator-block-size=16777216"
    "memorysetup-thread-allocator-block-size=16777216"
    "memorysetup-gfx-main-allocator-block-size=16777216"
    "memorysetup-gfx-thread-allocator-block-size=16777216"
    "memorysetup-cache-allocator-block-size=4194304"
    "memorysetup-typetree-allocator-block-size=2097152"
    "memorysetup-profiler-bucket-allocator-granularity=16"
    "memorysetup-profiler-bucket-allocator-bucket-count=8"
    "memorysetup-profiler-bucket-allocator-block-size=33554432"
    "memorysetup-profiler-bucket-allocator-block-count=8"
    "memorysetup-profiler-allocator-block-size=16777216"
    "memorysetup-profiler-editor-allocator-block-size=1048576"
    "memorysetup-temp-allocator-size-main=16777216"
    "memorysetup-job-temp-allocator-block-size=2097152"
    "memorysetup-job-temp-allocator-block-size-background=1048576"
    "memorysetup-job-temp-allocator-reduction-small-platforms=262144"
    "memorysetup-allocator-temp-initial-block-size-main=262144"
    "memorysetup-allocator-temp-initial-block-size-worker=262144"
    "memorysetup-temp-allocator-size-background-worker=32768"
    "memorysetup-temp-allocator-size-job-worker=262144"
    "memorysetup-temp-allocator-size-preload-manager=33554432"
    "memorysetup-temp-allocator-size-nav-mesh-worker=65536"
    "memorysetup-temp-allocator-size-audio-worker=65536"
    "memorysetup-temp-allocator-size-cloud-worker=32768"
    "memorysetup-temp-allocator-size-gi-baking-worker=262144"
    "memorysetup-temp-allocator-size-gfx=262144"
Player connection [5004] Host "[IP] 192.168.1.5 [Port] 0 [Flags] 2 [Guid] 2314621086 [EditorId] 2314621086 [Version] 1048832 [Id] WindowsEditor(7,LAPTOP-F7KE9D11) [Debug] 1 [PackageName] WindowsEditor [ProjectName] Editor" joined multi-casting on [225.0.0.222:54997]...

Player connection [5004] Host "[IP] 192.168.1.5 [Port] 0 [Flags] 2 [Guid] 2314621086 [EditorId] 2314621086 [Version] 1048832 [Id] WindowsEditor(7,LAPTOP-F7KE9D11) [Debug] 1 [PackageName] WindowsEditor [ProjectName] Editor" joined alternative multi-casting on [225.0.0.222:34997]...

[PhysX] Initialized MultithreadedTaskDispatcher with 12 workers.
Refreshing native plugins compatible for Editor in 635.71 ms, found 4 plugins.
Preloading 0 native plugins for Editor in 0.00 ms.
Initialize engine version: 2022.3.33f1 (b2c853adf198)
[Subsystems] Discovering subsystems at path D:/UNITY_PROJECT/2022.3.33f1/Editor/Data/Resources/UnitySubsystems
[Subsystems] Discovering subsystems at path D:/Clone1/Assets
GfxDevice: creating device client; threaded=0; jobified=0
Direct3D:
    Version:  Direct3D 11.0 [level 11.1]
    Renderer: NVIDIA GeForce RTX 3050 Laptop GPU (ID=0x25a5)
    Vendor:   NVIDIA
    VRAM:     3964 MB
    Driver:   32.0.15.5585
Initialize mono
Mono path[0] = 'D:/UNITY_PROJECT/2022.3.33f1/Editor/Data/Managed'
Mono path[1] = 'D:/UNITY_PROJECT/2022.3.33f1/Editor/Data/MonoBleedingEdge/lib/mono/unityjit-win32'
Mono config path = 'D:/UNITY_PROJECT/2022.3.33f1/Editor/Data/MonoBleedingEdge/etc'
Using monoOptions --debugger-agent=transport=dt_socket,embedding=1,server=y,suspend=n,address=127.0.0.1:56304
* Assertion at C:\build\output\Unity-Technologies\mono\mono\metadata\gc.c:1067, condition `is_ok (error)' not met, function:init_finalizer_thread, Couldn't create thread. Error 0x5af assembly:<unknown assembly> type:<unknown type> member:(null)

Crash!!!
SymInit: Symbol-SearchPath: 'D:/UNITY_PROJECT/2022.3.33f1/Editor/Data/Mono;.;D:\Clone1;D:\Clone1\Library\BurstCache\JIT;D:\UNITY_PROJECT\2022.3.33f1\Editor;C:\WINDOWS;C:\WINDOWS\system32;', symOptions: 534, UserName: 'dilmi'
OS-Version: 10.0.0
D:\UNITY_PROJECT\2022.3.33f1\Editor\Unity.exe:Unity.exe (00007FF7C22A0000), size: 82587648 (result: 0), SymType: '-deferred-', PDB: '', fileVersion: 2022.3.33.51283
C:\WINDOWS\SYSTEM32\ntdll.dll:ntdll.dll (00007FFD084D0000), size: 2191360 (result: 0), SymType: '-deferred-', PDB: '', fileVersion: 10.0.22621.3733
C:\WINDOWS\System32\KERNEL32.DLL:KERNEL32.DLL (00007FFD06A80000), size: 802816 (result: 0), SymType: '-deferred-', PDB: '', fileVersion: 10.0.22621.3958
C:\WINDOWS\System32\KERNELBASE.dll:KERNELBASE.dll (00007FFD05C20000), size: 3854336 (result: 0), SymType: '-deferred-', PDB: '', fileVersion: 10.0.22621.3958
C:\WINDOWS\System32\CRYPT32.dll:CRYPT32.dll (00007FFD059F0000), size: 1470464 (result: 0), SymType: '-deferred-', PDB: '', fileVersion: 10.0.22621.3810
C:\WINDOWS\System32\ucrtbase.dll:ucrtbase.dll (00007FFD05FD0000), size: 1118208 (result: 0), SymType: '-deferred-', PDB: '', fileVersion: 10.0.22621.3593
C:\WINDOWS\System32\USER32.dll:USER32.dll (00007FFD07D50000), size: 1761280 (result: 0), SymType: '-deferred-', PDB: '', fileVersion: 10.0.22621.3958
C:\WINDOWS\System32\win32u.dll:win32u.dll (00007FFD059C0000), size: 155648 (result: 0), SymType: '-deferred-', PDB: '', fileVersion: 10.0.22621.4037
C:\WINDOWS\System32\GDI32.dll:GDI32.dll (00007FFD06B50000), size: 167936 (result: 0), SymType: '-deferred-', PDB: '', fileVersion: 10.0.22621.4036
C:\WINDOWS\System32\gdi32full.dll:gdi32full.dll (00007FFD058A0000), size: 1150976 (result: 0), SymType: '-deferred-', PDB: '', fileVersion: 10.0.22621.3958
C:\WINDOWS\System32\msvcp_win.dll:msvcp_win.dll (00007FFD060F0000), size: 630784 (result: 0), SymType: '-deferred-', PDB: '', fileVersion: 10.0.22621.3374
C:\WINDOWS\System32\ADVAPI32.dll:ADVAPI32.dll (00007FFD069C0000), size: 729088 (result: 0), SymType: '-deferred-', PDB: '', fileVersion: 10.0.22621.3810
C:\WINDOWS\System32\msvcrt.dll:msvcrt.dll (00007FFD06560000), size: 684032 (result: 0), SymType: '-deferred-', PDB: '', fileVersion: 7.0.22621.2506
D:\UNITY_PROJECT\2022.3.33f1\Editor\libfbxsdk.dll:libfbxsdk.dll (00007FFC49F30000), size: 10063872 (result: 0), SymType: '-deferred-', PDB: '', fileVersion: 2020.3.4.0
C:\WINDOWS\System32\sechost.dll:sechost.dll (00007FFD080C0000), size: 692224 (result: 0), SymType: '-deferred-', PDB: '', fileVersion: 10.0.22621.3810
D:\UNITY_PROJECT\2022.3.33f1\Editor\s3tcompress.dll:s3tcompress.dll (00007FFC89EB0000), size: 180224 (result: 0), SymType: '-deferred-', PDB: ''
D:\UNITY_PROJECT\2022.3.33f1\Editor\etccompress.dll:etccompress.dll (00007FFC4A8D0000), size: 5066752 (result: 0), SymType: '-deferred-', PDB: ''
C:\WINDOWS\System32\bcrypt.dll:bcrypt.dll (00007FFD05870000), size: 163840 (result: 0), SymType: '-deferred-', PDB: '', fileVersion: 10.0.22621.2506
C:\WINDOWS\System32\RPCRT4.dll:RPCRT4.dll (00007FFD06380000), size: 1130496 (result: 0), SymType: '-deferred-', PDB: '', fileVersion: 10.0.22621.3810
C:\WINDOWS\System32\SHELL32.dll:SHELL32.dll (00007FFD06CA0000), size: 8814592 (result: 0), SymType: '-deferred-', PDB: '', fileVersion: 10.0.22621.4036
D:\UNITY_PROJECT\2022.3.33f1\Editor\FreeImage.dll:FreeImage.dll (0000000180000000), size: 6582272 (result: 0), SymType: '-deferred-', PDB: '', fileVersion: 3.18.0.0
C:\WINDOWS\System32\SHLWAPI.dll:SHLWAPI.dll (00007FFD06C00000), size: 385024 (result: 0), SymType: '-deferred-', PDB: '', fileVersion: 10.0.22621.3672
C:\WINDOWS\System32\ole32.dll:ole32.dll (00007FFD08280000), size: 1724416 (result: 0), SymType: '-deferred-', PDB: '', fileVersion: 10.0.22621.3958
D:\UNITY_PROJECT\2022.3.33f1\Editor\ispc_texcomp.dll:ispc_texcomp.dll (00007FFC783C0000), size: 1826816 (result: 0), SymType: '-deferred-', PDB: ''
D:\UNITY_PROJECT\2022.3.33f1\Editor\compress_bc7e.dll:compress_bc7e.dll (00007FFC75D10000), size: 1433600 (result: 0), SymType: '-deferred-', PDB: ''
C:\WINDOWS\System32\WS2_32.dll:WS2_32.dll (00007FFD06B80000), size: 462848 (result: 0), SymType: '-deferred-', PDB: '', fileVersion: 10.0.22621.1
D:\UNITY_PROJECT\2022.3.33f1\Editor\WinPixEventRuntime.dll:WinPixEventRuntime.dll (00007FFCDEFA0000), size: 45056 (result: 0), SymType: '-deferred-', PDB: '', fileVersion: 1.0.1812.6001
C:\WINDOWS\System32\combase.dll:combase.dll (00007FFD079C0000), size: 3723264 (result: 0), SymType: '-deferred-', PDB: '', fileVersion: 10.0.22621.3958
D:\UNITY_PROJECT\2022.3.33f1\Editor\umbraoptimizer64.dll:umbraoptimizer64.dll (00007FFC74F80000), size: 1187840 (result: 0), SymType: '-deferred-', PDB: ''
C:\WINDOWS\System32\IMM32.dll:IMM32.dll (00007FFD06C60000), size: 200704 (result: 0), SymType: '-deferred-', PDB: '', fileVersion: 10.0.22621.3374
C:\WINDOWS\System32\SETUPAPI.dll:SETUPAPI.dll (00007FFD07510000), size: 4669440 (result: 0), SymType: '-deferred-', PDB: '', fileVersion: 10.0.22621.2506
C:\WINDOWS\SYSTEM32\GLU32.dll:GLU32.dll (00007FFCEB060000), size: 184320 (result: 0), SymType: '-deferred-', PDB: '', fileVersion: 10.0.22621.2506
C:\WINDOWS\SYSTEM32\MSVCP140.dll:MSVCP140.dll (00007FFCEA3F0000), size: 577536 (result: 0), SymType: '-deferred-', PDB: '', fileVersion: 14.40.33810.0
C:\WINDOWS\System32\OLEAUT32.dll:OLEAUT32.dll (00007FFD06610000), size: 880640 (result: 0), SymType: '-deferred-', PDB: '', fileVersion: 10.0.22621.3672
C:\WINDOWS\SYSTEM32\VCRUNTIME140.dll:VCRUNTIME140.dll (00007FFCEA3A0000), size: 122880 (result: 0), SymType: '-deferred-', PDB: '', fileVersion: 14.40.33810.0
C:\WINDOWS\SYSTEM32\OPENGL32.dll:OPENGL32.dll (00007FFCD5F30000), size: 1048576 (result: 0), SymType: '-deferred-', PDB: '', fileVersion: 10.0.22621.3672
C:\WINDOWS\System32\WINTRUST.dll:WINTRUST.dll (00007FFD06190000), size: 438272 (result: 0), SymType: '-deferred-', PDB: '', fileVersion: 10.0.22621.4036
C:\WINDOWS\SYSTEM32\IPHLPAPI.DLL:IPHLPAPI.DLL (00007FFD042A0000), size: 184320 (result: 0), SymType: '-deferred-', PDB: '', fileVersion: 10.0.22621.1
C:\WINDOWS\SYSTEM32\WINHTTP.dll:WINHTTP.dll (00007FFCFE810000), size: 1269760 (result: 0), SymType: '-deferred-', PDB: '', fileVersion: 10.0.22621.3958
C:\WINDOWS\SYSTEM32\HID.DLL:HID.DLL (00007FFD04050000), size: 57344 (result: 0), SymType: '-deferred-', PDB: '', fileVersion: 10.0.22621.1
C:\WINDOWS\SYSTEM32\WINMM.dll:WINMM.dll (00007FFCFCE60000), size: 212992 (result: 0), SymType: '-deferred-', PDB: '', fileVersion: 10.0.22621.3672
C:\WINDOWS\SYSTEM32\dwmapi.dll:dwmapi.dll (00007FFD001A0000), size: 176128 (result: 8), SymType: '-unknown-', PDB: '', fileVersion: 10.0.22621.3672
D:\UNITY_PROJECT\2022.3.33f1\Editor\SketchUpAPI.dll:SketchUpAPI.dll (00007FFC49690000), size: 8990720 (result: 8), SymType: '-unknown-', PDB: '', fileVersion: 23.0.0.0
D:\UNITY_PROJECT\2022.3.33f1\Editor\NativeProxyHelper.dll:NativeProxyHelper.dll (00007FFC4F370000), size: 1789952 (result: 8), SymType: '-unknown-', PDB: ''
C:\WINDOWS\SYSTEM32\VCRUNTIME140_1.dll:VCRUNTIME140_1.dll (00007FFCEA390000), size: 49152 (result: 8), SymType: '-unknown-', PDB: '', fileVersion: 14.40.33810.0
C:\WINDOWS\SYSTEM32\VERSION.dll:VERSION.dll (00007FFCFA900000), size: 40960 (result: 0), SymType: '-deferred-', PDB: '', fileVersion: 10.0.22621.1
C:\WINDOWS\SYSTEM32\WSOCK32.dll:WSOCK32.dll (00007FFCE5530000), size: 36864 (result: 0), SymType: '-deferred-', PDB: '', fileVersion: 10.0.22621.1
C:\WINDOWS\SYSTEM32\dxcore.dll:dxcore.dll (00007FFD02970000), size: 225280 (result: 0), SymType: '-deferred-', PDB: '', fileVersion: 10.0.22621.3958
D:\UNITY_PROJECT\2022.3.33f1\Editor\SketchUpCommonPreferences.dll:SketchUpCommonPreferences.dll (00007FFC7AF80000), size: 499712 (result: 8), SymType: '-unknown-', PDB: '', fileVersion: 23.0.0.0
C:\WINDOWS\SYSTEM32\Secur32.dll:Secur32.dll (00007FFD04700000), size: 49152 (result: 0), SymType: '-deferred-', PDB: '', fileVersion: 10.0.22621.1
C:\WINDOWS\SYSTEM32\SSPICLI.DLL:SSPICLI.DLL (00007FFD04B70000), size: 274432 (result: 0), SymType: '-deferred-', PDB: '', fileVersion: 10.0.22621.3810
D:\UNITY_PROJECT\2022.3.33f1\Editor\OpenRL.dll:OpenRL.dll (00000225E6190000), size: 12779520 (result: 0), SymType: '-deferred-', PDB: '', fileVersion: 1.5.0.2907
C:\WINDOWS\SYSTEM32\MSVCP100.dll:MSVCP100.dll (0000000074530000), size: 622592 (result: 0), SymType: '-deferred-', PDB: '', fileVersion: 10.0.40219.325
C:\WINDOWS\SYSTEM32\MSVCR100.dll:MSVCR100.dll (0000000074450000), size: 860160 (result: 0), SymType: '-deferred-', PDB: '', fileVersion: 10.0.40219.325
D:\UNITY_PROJECT\2022.3.33f1\Editor\embree.dll:embree.dll (00007FFC47270000), size: 16711680 (result: 0), SymType: '-deferred-', PDB: '', fileVersion: 2.14.0.0
D:\UNITY_PROJECT\2022.3.33f1\Editor\tbb.dll:tbb.dll (00007FFC891D0000), size: 413696 (result: 0), SymType: '-deferred-', PDB: '', fileVersion: 2017.0.2016.1004
C:\WINDOWS\SYSTEM32\MSVCP120.dll:MSVCP120.dll (00007FFC74D80000), size: 679936 (result: 8), SymType: '-unknown-', PDB: '', fileVersion: 12.0.40660.0
C:\WINDOWS\SYSTEM32\MSVCR120.dll:MSVCR120.dll (00007FFC74890000), size: 978944 (result: 0), SymType: '-deferred-', PDB: '', fileVersion: 12.0.40660.0
C:\WINDOWS\SYSTEM32\cfgmgr32.DLL:cfgmgr32.DLL (00007FFD05480000), size: 319488 (result: 0), SymType: '-deferred-', PDB: '', fileVersion: 10.0.22621.2506
C:\WINDOWS\SYSTEM32\MSWSOCK.DLL:MSWSOCK.DLL (00007FFD04D80000), size: 430080 (result: 0), SymType: '-deferred-', PDB: '', fileVersion: 10.0.22621.2506
D:\UNITY_PROJECT\2022.3.33f1\Editor\OpenRL_pthread.dll:OpenRL_pthread.dll (00000225E6DE0000), size: 61440 (result: 0), SymType: '-deferred-', PDB: '', fileVersion: 2.9.0.0
C:\WINDOWS\SYSTEM32\MSASN1.dll:MSASN1.dll (00007FFD05500000), size: 73728 (result: 0), SymType: '-deferred-', PDB: '', fileVersion: 10.0.22621.2506
C:\WINDOWS\System32\bcryptprimitives.dll:bcryptprimitives.dll (00007FFD057F0000), size: 503808 (result: 0), SymType: '-deferred-', PDB: '', fileVersion: 10.0.22621.3672
C:\WINDOWS\SYSTEM32\kernel.appcore.dll:kernel.appcore.dll (00007FFD04910000), size: 98304 (result: 0), SymType: '-deferred-', PDB: '', fileVersion: 10.0.22621.3958
C:\WINDOWS\system32\uxtheme.dll:uxtheme.dll (00007FFCFFF20000), size: 720896 (result: 0), SymType: '-deferred-', PDB: '', fileVersion: 10.0.22621.3958
C:\WINDOWS\SYSTEM32\windows.storage.dll:windows.storage.dll (00007FFD03750000), size: 9428992 (result: 0), SymType: '-deferred-', PDB: '', fileVersion: 10.0.22621.4037
C:\WINDOWS\SYSTEM32\wintypes.dll:wintypes.dll (00007FFD03610000), size: 1306624 (result: 0), SymType: '-deferred-', PDB: '', fileVersion: 10.0.22621.3810
C:\WINDOWS\System32\SHCORE.dll:SHCORE.dll (00007FFD08180000), size: 1019904 (result: 0), SymType: '-deferred-', PDB: '', fileVersion: 10.0.22621.3958
C:\WINDOWS\SYSTEM32\profapi.dll:profapi.dll (00007FFD05720000), size: 135168 (result: 0), SymType: '-deferred-', PDB: '', fileVersion: 10.0.22621.3527
C:\WINDOWS\system32\IconCodecService.dll:IconCodecService.dll (00007FFCE8C60000), size: 36864 (result: 0), SymType: '-deferred-', PDB: '', fileVersion: 10.0.22621.1
C:\WINDOWS\SYSTEM32\WindowsCodecs.dll:WindowsCodecs.dll (00007FFCFFD20000), size: 1773568 (result: 0), SymType: '-deferred-', PDB: '', fileVersion: 10.0.22621.3880
C:\WINDOWS\System32\clbcatq.dll:clbcatq.dll (00007FFD06200000), size: 720896 (result: 0), SymType: '-deferred-', PDB: '', fileVersion: 2001.12.10941.16384
C:\WINDOWS\System32\netprofm.dll:netprofm.dll (00007FFCFF290000), size: 491520 (result: 0), SymType: '-deferred-', PDB: '', fileVersion: 10.0.22621.3527
C:\WINDOWS\System32\npmproxy.dll:npmproxy.dll (00007FFCFCD70000), size: 98304 (result: 0), SymType: '-deferred-', PDB: '', fileVersion: 10.0.22621.3527
C:\WINDOWS\System32\NSI.dll:NSI.dll (00007FFD064A0000), size: 36864 (result: 0), SymType: '-deferred-', PDB: '', fileVersion: 10.0.22621.1
C:\WINDOWS\SYSTEM32\dhcpcsvc6.DLL:dhcpcsvc6.DLL (00007FFCFE610000), size: 102400 (result: 0), SymType: '-deferred-', PDB: '', fileVersion: 10.0.22621.2506
C:\WINDOWS\SYSTEM32\dhcpcsvc.DLL:dhcpcsvc.DLL (00007FFCFE5F0000), size: 126976 (result: 0), SymType: '-deferred-', PDB: '', fileVersion: 10.0.22621.2506
C:\WINDOWS\SYSTEM32\DNSAPI.dll:DNSAPI.dll (00007FFD042D0000), size: 1015808 (result: 0), SymType: '-deferred-', PDB: '', fileVersion: 10.0.22621.3733
C:\WINDOWS\system32\napinsp.dll:napinsp.dll (00007FFCD4EC0000), size: 94208 (result: 8), SymType: '-unknown-', PDB: '', fileVersion: 10.0.22621.1
C:\WINDOWS\system32\pnrpnsp.dll:pnrpnsp.dll (00007FFCE1C30000), size: 110592 (result: 8), SymType: '-unknown-', PDB: '', fileVersion: 10.0.22621.1
C:\WINDOWS\System32\winrnr.dll:winrnr.dll (00007FFCE1C10000), size: 69632 (result: 8), SymType: '-unknown-', PDB: '', fileVersion: 10.0.22621.1
C:\WINDOWS\system32\wshbth.dll:wshbth.dll (00007FFCFD0E0000), size: 86016 (result: 8), SymType: '-unknown-', PDB: '', fileVersion: 10.0.22621.3958
C:\WINDOWS\system32\nlansp_c.dll:nlansp_c.dll (00007FFCE1BE0000), size: 159744 (result: 8), SymType: '-unknown-', PDB: '', fileVersion: 10.0.22621.3672
C:\WINDOWS\System32\fwpuclnt.dll:fwpuclnt.dll (00007FFCFD140000), size: 536576 (result: 8), SymType: '-unknown-', PDB: '', fileVersion: 10.0.22621.3235
C:\Windows\System32\rasadhlp.dll:rasadhlp.dll (00007FFCFE4E0000), size: 40960 (result: 0), SymType: '-deferred-', PDB: '', fileVersion: 10.0.22621.1
D:\UNITY_PROJECT\2022.3.33f1\Editor\NVUnityPlugin.DLL:NVUnityPlugin.DLL (00007FFC4EC50000), size: 1519616 (result: 0), SymType: '-deferred-', PDB: ''
D:\UNITY_PROJECT\2022.3.33f1\Editor\Data\Tools\astcenc-avx2.dll:astcenc-avx2.dll (00007FFC4EBC0000), size: 540672 (result: 0), SymType: '-deferred-', PDB: ''
C:\WINDOWS\System32\MMDevApi.dll:MMDevApi.dll (00007FFCF9C60000), size: 643072 (result: 8), SymType: '-unknown-', PDB: '', fileVersion: 10.0.22621.3672
C:\WINDOWS\System32\DEVOBJ.dll:DEVOBJ.dll (00007FFD054D0000), size: 180224 (result: 8), SymType: '-unknown-', PDB: '', fileVersion: 10.0.22621.2506
C:\WINDOWS\SYSTEM32\d3d11.dll:d3d11.dll (00007FFCFB750000), size: 2453504 (result: 8), SymType: '-unknown-', PDB: '', fileVersion: 10.0.22621.3672
C:\WINDOWS\SYSTEM32\dxgi.dll:dxgi.dll (00007FFD00090000), size: 1011712 (result: 8), SymType: '-unknown-', PDB: '', fileVersion: 10.0.22621.4036
C:\WINDOWS\SYSTEM32\directxdatabasehelper.dll:directxdatabasehelper.dll (00007FFCFA6A0000), size: 299008 (result: 8), SymType: '-unknown-', PDB: '', fileVersion: 10.0.22621.3672
C:\WINDOWS\System32\DriverStore\FileRepository\nvami.inf_amd64_afa6df0b7490d433\nvldumdx.dll:nvldumdx.dll (00007FFC4E0D0000), size: 790528 (result: 8), SymType: '-unknown-', PDB: '', fileVersion: 32.0.15.5585
C:\WINDOWS\SYSTEM32\cryptnet.dll:cryptnet.dll (00007FFCFA890000), size: 204800 (result: 8), SymType: '-unknown-', PDB: '', fileVersion: 10.0.22621.1
C:\WINDOWS\SYSTEM32\cryptbase.dll:cryptbase.dll (00007FFD05000000), size: 49152 (result: 8), SymType: '-unknown-', PDB: '', fileVersion: 10.0.22621.1
C:\WINDOWS\SYSTEM32\wldp.dll:wldp.dll (00007FFD05090000), size: 299008 (result: 8), SymType: '-unknown-', PDB: '', fileVersion: 10.0.22621.4036
C:\WINDOWS\SYSTEM32\drvstore.dll:drvstore.dll (00007FFCFA6F0000), size: 1449984 (result: 0), SymType: '-deferred-', PDB: '', fileVersion: 10.0.22621.3958
C:\WINDOWS\System32\imagehlp.dll:imagehlp.dll (00007FFD07990000), size: 126976 (result: 0), SymType: '-deferred-', PDB: '', fileVersion: 10.0.22621.1
C:\WINDOWS\SYSTEM32\CRYPTSP.dll:CRYPTSP.dll (00007FFD04FE0000), size: 110592 (result: 0), SymType: '-deferred-', PDB: '', fileVersion: 10.0.22621.3672
C:\WINDOWS\system32\rsaenh.dll:rsaenh.dll (00007FFD04870000), size: 217088 (result: 0), SymType: '-deferred-', PDB: '', fileVersion: 10.0.22621.1
C:\WINDOWS\System32\DriverStore\FileRepository\nvami.inf_amd64_afa6df0b7490d433\nvgpucomp64.dll:nvgpucomp64.dll (00007FFC43AE0000), size: 31649792 (result: 0), SymType: '-deferred-', PDB: '', fileVersion: 32.0.15.5585
C:\WINDOWS\System32\DriverStore\FileRepository\nvami.inf_amd64_afa6df0b7490d433\Display.NvContainer\NvMessageBus.dll:NvMessageBus.dll (00007FFCEEFC0000), size: 3506176 (result: 0), SymType: '-deferred-', PDB: '', fileVersion: 3.12.3354.5005
C:\WINDOWS\System32\DriverStore\FileRepository\nvami.inf_amd64_afa6df0b7490d433\nvwgf2umx.dll:nvwgf2umx.dll (00007FFC23360000), size: 62603264 (result: 0), SymType: '-deferred-', PDB: '', fileVersion: 32.0.15.5585
C:\WINDOWS\SYSTEM32\POWRPROF.dll:POWRPROF.dll (00007FFD04680000), size: 315392 (result: 0), SymType: '-deferred-', PDB: '', fileVersion: 10.0.22621.3958
C:\WINDOWS\SYSTEM32\UMPDC.dll:UMPDC.dll (00007FFD04660000), size: 77824 (result: 0), SymType: '-deferred-', PDB: '', fileVersion: 10.0.22621.1
C:\WINDOWS\system32\nvspcap64.dll:nvspcap64.dll (00007FFC48DB0000), size: 2949120 (result: 8), SymType: '-unknown-', PDB: '', fileVersion: 3.28.0.417
C:\WINDOWS\SYSTEM32\ntmarta.dll:ntmarta.dll (00007FFD04930000), size: 212992 (result: 8), SymType: '-unknown-', PDB: '', fileVersion: 10.0.22621.1
C:\WINDOWS\system32\wbem\wbemprox.dll:wbemprox.dll (00007FFCF9FB0000), size: 65536 (result: 0), SymType: '-deferred-', PDB: '', fileVersion: 10.0.22621.3672
C:\WINDOWS\SYSTEM32\wbemcomn.dll:wbemcomn.dll (00007FFCF9F30000), size: 524288 (result: 0), SymType: '-deferred-', PDB: '', fileVersion: 10.0.22621.2506
C:\WINDOWS\system32\wbem\wbemsvc.dll:wbemsvc.dll (00007FFCEF540000), size: 81920 (result: 0), SymType: '-deferred-', PDB: '', fileVersion: 10.0.22621.3672
C:\WINDOWS\system32\wbem\fastprox.dll:fastprox.dll (00007FFCEF560000), size: 1015808 (result: 0), SymType: '-deferred-', PDB: '', fileVersion: 10.0.22621.3672
C:\WINDOWS\SYSTEM32\amsi.dll:amsi.dll (00007FFCDE610000), size: 118784 (result: 0), SymType: '-deferred-', PDB: '', fileVersion: 10.0.22621.3527
C:\WINDOWS\SYSTEM32\USERENV.dll:USERENV.dll (00007FFD04E80000), size: 163840 (result: 0), SymType: '-deferred-', PDB: '', fileVersion: 10.0.22621.3527
C:\ProgramData\Microsoft\Windows Defender\Platform\4.18.24070.5-0\MpOav.dll:MpOav.dll (00007FFCDE480000), size: 528384 (result: 0), SymType: '-deferred-', PDB: '', fileVersion: 4.18.24070.5
D:\UNITY_PROJECT\2022.3.33f1\Editor\cudart64_90.dll:cudart64_90.dll (00007FFC7C6D0000), size: 397312 (result: 0), SymType: '-deferred-', PDB: '', fileVersion: 6.14.11.9000
C:\WINDOWS\SYSTEM32\opencl.dll:opencl.dll (00007FFC7AF00000), size: 483328 (result: 8), SymType: '-unknown-', PDB: '', fileVersion: 3.0.6.0
D:\UNITY_PROJECT\2022.3.33f1\Editor\radeonrays.dll:radeonrays.dll (00007FFC4C980000), size: 557056 (result: 8), SymType: '-unknown-', PDB: ''
D:\UNITY_PROJECT\2022.3.33f1\Editor\Data\MonoBleedingEdge\EmbedRuntime\mono-2.0-bdwgc.dll:mono-2.0-bdwgc.dll (00007FFC46810000), size: 10825728 (result: 8), SymType: '-unknown-', PDB: ''
C:\WINDOWS\SYSTEM32\dbghelp.dll:dbghelp.dll (00007FFD03170000), size: 2301952 (result: 8), SymType: '-unknown-', PDB: '', fileVersion: 10.0.22621.3593

========== OUTPUTTING STACK TRACE ==================

SymInit: Symbol-SearchPath: 'D:/UNITY_PROJECT/2022.3.33f1/Editor/Data/Mono;.;D:\Clone1;D:\Clone1\Library\BurstCache\JIT;D:\UNITY_PROJECT\2022.3.33f1\Editor;C:\WINDOWS;C:\WINDOWS\system32;', symOptions: 534, UserName: 'dilmi'
OS-Version: 10.0.0
D:\UNITY_PROJECT\2022.3.33f1\Editor\Unity.exe:Unity.exe (00007FF7C22A0000), size: 82587648 (result: 0), SymType: '-exported-', PDB: 'D:\UNITY_PROJECT\2022.3.33f1\Editor\Unity.exe', fileVersion: 2022.3.33.51283
C:\WINDOWS\SYSTEM32\ntdll.dll:ntdll.dll (00007FFD084D0000), size: 2191360 (result: 0), SymType: '-nosymbols-', PDB: 'C:\WINDOWS\SYSTEM32\ntdll.dll', fileVersion: 10.0.22621.3733
C:\WINDOWS\System32\KERNEL32.DLL:KERNEL32.DLL (00007FFD06A80000), size: 802816 (result: 0), SymType: '-nosymbols-', PDB: 'C:\WINDOWS\System32\KERNEL32.DLL', fileVersion: 10.0.22621.3958
C:\WINDOWS\System32\KERNELBASE.dll:KERNELBASE.dll (00007FFD05C20000), size: 3854336 (result: 0), SymType: '-nosymbols-', PDB: 'C:\WINDOWS\System32\KERNELBASE.dll', fileVersion: 10.0.22621.3958
C:\WINDOWS\System32\CRYPT32.dll:CRYPT32.dll (00007FFD059F0000), size: 1470464 (result: 0), SymType: '-exported-', PDB: 'C:\WINDOWS\System32\CRYPT32.dll', fileVersion: 10.0.22621.3810
C:\WINDOWS\System32\ucrtbase.dll:ucrtbase.dll (00007FFD05FD0000), size: 1118208 (result: 0), SymType: '-nosymbols-', PDB: 'C:\WINDOWS\System32\ucrtbase.dll', fileVersion: 10.0.22621.3593
C:\WINDOWS\System32\USER32.dll:USER32.dll (00007FFD07D50000), size: 1761280 (result: 0), SymType: '-exported-', PDB: 'C:\WINDOWS\System32\USER32.dll', fileVersion: 10.0.22621.3958
C:\WINDOWS\System32\win32u.dll:win32u.dll (00007FFD059C0000), size: 155648 (result: 0), SymType: '-exported-', PDB: 'C:\WINDOWS\System32\win32u.dll', fileVersion: 10.0.22621.4037
C:\WINDOWS\System32\GDI32.dll:GDI32.dll (00007FFD06B50000), size: 167936 (result: 0), SymType: '-exported-', PDB: 'C:\WINDOWS\System32\GDI32.dll', fileVersion: 10.0.22621.4036
C:\WINDOWS\System32\gdi32full.dll:gdi32full.dll (00007FFD058A0000), size: 1150976 (result: 0), SymType: '-exported-', PDB: 'C:\WINDOWS\System32\gdi32full.dll', fileVersion: 10.0.22621.3958
C:\WINDOWS\System32\msvcp_win.dll:msvcp_win.dll (00007FFD060F0000), size: 630784 (result: 0), SymType: '-exported-', PDB: 'C:\WINDOWS\System32\msvcp_win.dll', fileVersion: 10.0.22621.3374
C:\WINDOWS\System32\ADVAPI32.dll:ADVAPI32.dll (00007FFD069C0000), size: 729088 (result: 0), SymType: '-nosymbols-', PDB: 'C:\WINDOWS\System32\ADVAPI32.dll', fileVersion: 10.0.22621.3810
C:\WINDOWS\System32\msvcrt.dll:msvcrt.dll (00007FFD06560000), size: 684032 (result: 0), SymType: '-nosymbols-', PDB: 'C:\WINDOWS\System32\msvcrt.dll', fileVersion: 7.0.22621.2506
D:\UNITY_PROJECT\2022.3.33f1\Editor\libfbxsdk.dll:libfbxsdk.dll (00007FFC49F30000), size: 10063872 (result: 0), SymType: '-nosymbols-', PDB: 'D:\UNITY_PROJECT\2022.3.33f1\Editor\libfbxsdk.dll', fileVersion: 2020.3.4.0
C:\WINDOWS\System32\sechost.dll:sechost.dll (00007FFD080C0000), size: 692224 (result: 0), SymType: '-exported-', PDB: 'C:\WINDOWS\System32\sechost.dll', fileVersion: 10.0.22621.3810
D:\UNITY_PROJECT\2022.3.33f1\Editor\s3tcompress.dll:s3tcompress.dll (00007FFC89EB0000), size: 180224 (result: 0), SymType: '-exported-', PDB: 'D:\UNITY_PROJECT\2022.3.33f1\Editor\s3tcompress.dll'
D:\UNITY_PROJECT\2022.3.33f1\Editor\etccompress.dll:etccompress.dll (00007FFC4A8D0000), size: 5066752 (result: 0), SymType: '-exported-', PDB: 'D:\UNITY_PROJECT\2022.3.33f1\Editor\etccompress.dll'
C:\WINDOWS\System32\bcrypt.dll:bcrypt.dll (00007FFD05870000), size: 163840 (result: 0), SymType: '-exported-', PDB: 'C:\WINDOWS\System32\bcrypt.dll', fileVersion: 10.0.22621.2506
C:\WINDOWS\System32\RPCRT4.dll:RPCRT4.dll (00007FFD06380000), size: 1130496 (result: 0), SymType: '-exported-', PDB: 'C:\WINDOWS\System32\RPCRT4.dll', fileVersion: 10.0.22621.3810
C:\WINDOWS\System32\SHELL32.dll:SHELL32.dll (00007FFD06CA0000), size: 8814592 (result: 0), SymType: '-exported-', PDB: 'C:\WINDOWS\System32\SHELL32.dll', fileVersion: 10.0.22621.4036
D:\UNITY_PROJECT\2022.3.33f1\Editor\FreeImage.dll:FreeImage.dll (0000000180000000), size: 6582272 (result: 0), SymType: '-exported-', PDB: 'D:\UNITY_PROJECT\2022.3.33f1\Editor\FreeImage.dll', fileVersion: 3.18.0.0
C:\WINDOWS\System32\SHLWAPI.dll:SHLWAPI.dll (00007FFD06C00000), size: 385024 (result: 0), SymType: '-exported-', PDB: 'C:\WINDOWS\System32\SHLWAPI.dll', fileVersion: 10.0.22621.3672
C:\WINDOWS\System32\ole32.dll:ole32.dll (00007FFD08280000), size: 1724416 (result: 0), SymType: '-exported-', PDB: 'C:\WINDOWS\System32\ole32.dll', fileVersion: 10.0.22621.3958
D:\UNITY_PROJECT\2022.3.33f1\Editor\ispc_texcomp.dll:ispc_texcomp.dll (00007FFC783C0000), size: 1826816 (result: 0), SymType: '-exported-', PDB: 'D:\UNITY_PROJECT\2022.3.33f1\Editor\ispc_texcomp.dll'
D:\UNITY_PROJECT\2022.3.33f1\Editor\compress_bc7e.dll:compress_bc7e.dll (00007FFC75D10000), size: 1433600 (result: 0), SymType: '-exported-', PDB: 'D:\UNITY_PROJECT\2022.3.33f1\Editor\compress_bc7e.dll'
C:\WINDOWS\System32\WS2_32.dll:WS2_32.dll (00007FFD06B80000), size: 462848 (result: 0), SymType: '-exported-', PDB: 'C:\WINDOWS\System32\WS2_32.dll', fileVersion: 10.0.22621.1
D:\UNITY_PROJECT\2022.3.33f1\Editor\WinPixEventRuntime.dll:WinPixEventRuntime.dll (00007FFCDEFA0000), size: 45056 (result: 0), SymType: '-exported-', PDB: 'D:\UNITY_PROJECT\2022.3.33f1\Editor\WinPixEventRuntime.dll', fileVersion: 1.0.1812.6001
C:\WINDOWS\System32\combase.dll:combase.dll (00007FFD079C0000), size: 3723264 (result: 0), SymType: '-exported-', PDB: 'C:\WINDOWS\System32\combase.dll', fileVersion: 10.0.22621.3958
D:\UNITY_PROJECT\2022.3.33f1\Editor\umbraoptimizer64.dll:umbraoptimizer64.dll (00007FFC74F80000), size: 1187840 (result: 0), SymType: '-exported-', PDB: 'D:\UNITY_PROJECT\2022.3.33f1\Editor\umbraoptimizer64.dll'
C:\WINDOWS\System32\IMM32.dll:IMM32.dll (00007FFD06C60000), size: 200704 (result: 0), SymType: '-exported-', PDB: 'C:\WINDOWS\System32\IMM32.dll', fileVersion: 10.0.22621.3374
C:\WINDOWS\System32\SETUPAPI.dll:SETUPAPI.dll (00007FFD07510000), size: 4669440 (result: 0), SymType: '-exported-', PDB: 'C:\WINDOWS\System32\SETUPAPI.dll', fileVersion: 10.0.22621.2506
C:\WINDOWS\SYSTEM32\GLU32.dll:GLU32.dll (00007FFCEB060000), size: 184320 (result: 0), SymType: '-exported-', PDB: 'C:\WINDOWS\SYSTEM32\GLU32.dll', fileVersion: 10.0.22621.2506
C:\WINDOWS\SYSTEM32\MSVCP140.dll:MSVCP140.dll (00007FFCEA3F0000), size: 577536 (result: 0), SymType: '-exported-', PDB: 'C:\WINDOWS\SYSTEM32\MSVCP140.dll', fileVersion: 14.40.33810.0
C:\WINDOWS\System32\OLEAUT32.dll:OLEAUT32.dll (00007FFD06610000), size: 880640 (result: 0), SymType: '-exported-', PDB: 'C:\WINDOWS\System32\OLEAUT32.dll', fileVersion: 10.0.22621.3672
C:\WINDOWS\SYSTEM32\VCRUNTIME140.dll:VCRUNTIME140.dll (00007FFCEA3A0000), size: 122880 (result: 0), SymType: '-exported-', PDB: 'C:\WINDOWS\SYSTEM32\VCRUNTIME140.dll', fileVersion: 14.40.33810.0
C:\WINDOWS\SYSTEM32\OPENGL32.dll:OPENGL32.dll (00007FFCD5F30000), size: 1048576 (result: 0), SymType: '-exported-', PDB: 'C:\WINDOWS\SYSTEM32\OPENGL32.dll', fileVersion: 10.0.22621.3672
C:\WINDOWS\System32\WINTRUST.dll:WINTRUST.dll (00007FFD06190000), size: 438272 (result: 0), SymType: '-exported-', PDB: 'C:\WINDOWS\System32\WINTRUST.dll', fileVersion: 10.0.22621.4036
C:\WINDOWS\SYSTEM32\IPHLPAPI.DLL:IPHLPAPI.DLL (00007FFD042A0000), size: 184320 (result: 0), SymType: '-exported-', PDB: 'C:\WINDOWS\SYSTEM32\IPHLPAPI.DLL', fileVersion: 10.0.22621.1
C:\WINDOWS\SYSTEM32\WINHTTP.dll:WINHTTP.dll (00007FFCFE810000), size: 1269760 (result: 0), SymType: '-exported-', PDB: 'C:\WINDOWS\SYSTEM32\WINHTTP.dll', fileVersion: 10.0.22621.3958
C:\WINDOWS\SYSTEM32\HID.DLL:HID.DLL (00007FFD04050000), size: 57344 (result: 0), SymType: '-exported-', PDB: 'C:\WINDOWS\SYSTEM32\HID.DLL', fileVersion: 10.0.22621.1
C:\WINDOWS\SYSTEM32\WINMM.dll:WINMM.dll (00007FFCFCE60000), size: 212992 (result: 0), SymType: '-exported-', PDB: 'C:\WINDOWS\SYSTEM32\WINMM.dll', fileVersion: 10.0.22621.3672
C:\WINDOWS\SYSTEM32\dwmapi.dll:dwmapi.dll (00007FFD001A0000), size: 176128 (result: 0), SymType: '-deferred-', PDB: '', fileVersion: 10.0.22621.3672
D:\UNITY_PROJECT\2022.3.33f1\Editor\SketchUpAPI.dll:SketchUpAPI.dll (00007FFC49690000), size: 8990720 (result: 0), SymType: '-deferred-', PDB: '', fileVersion: 23.0.0.0
D:\UNITY_PROJECT\2022.3.33f1\Editor\NativeProxyHelper.dll:NativeProxyHelper.dll (00007FFC4F370000), size: 1789952 (result: 0), SymType: '-deferred-', PDB: ''
C:\WINDOWS\SYSTEM32\VCRUNTIME140_1.dll:VCRUNTIME140_1.dll (00007FFCEA390000), size: 49152 (result: 0), SymType: '-deferred-', PDB: '', fileVersion: 14.40.33810.0
C:\WINDOWS\SYSTEM32\VERSION.dll:VERSION.dll (00007FFCFA900000), size: 40960 (result: 0), SymType: '-exported-', PDB: 'C:\WINDOWS\SYSTEM32\VERSION.dll', fileVersion: 10.0.22621.1
C:\WINDOWS\SYSTEM32\WSOCK32.dll:WSOCK32.dll (00007FFCE5530000), size: 36864 (result: 0), SymType: '-exported-', PDB: 'C:\WINDOWS\SYSTEM32\WSOCK32.dll', fileVersion: 10.0.22621.1
C:\WINDOWS\SYSTEM32\dxcore.dll:dxcore.dll (00007FFD02970000), size: 225280 (result: 0), SymType: '-exported-', PDB: 'C:\WINDOWS\SYSTEM32\dxcore.dll', fileVersion: 10.0.22621.3958
D:\UNITY_PROJECT\2022.3.33f1\Editor\SketchUpCommonPreferences.dll:SketchUpCommonPreferences.dll (00007FFC7AF80000), size: 499712 (result: 0), SymType: '-deferred-', PDB: '', fileVersion: 23.0.0.0
C:\WINDOWS\SYSTEM32\Secur32.dll:Secur32.dll (00007FFD04700000), size: 49152 (result: 0), SymType: '-exported-', PDB: 'C:\WINDOWS\SYSTEM32\Secur32.dll', fileVersion: 10.0.22621.1
C:\WINDOWS\SYSTEM32\SSPICLI.DLL:SSPICLI.DLL (00007FFD04B70000), size: 274432 (result: 0), SymType: '-exported-', PDB: 'C:\WINDOWS\SYSTEM32\SSPICLI.DLL', fileVersion: 10.0.22621.3810
D:\UNITY_PROJECT\2022.3.33f1\Editor\OpenRL.dll:OpenRL.dll (00000225E6190000), size: 12779520 (result: 0), SymType: '-exported-', PDB: 'D:\UNITY_PROJECT\2022.3.33f1\Editor\OpenRL.dll', fileVersion: 1.5.0.2907
C:\WINDOWS\SYSTEM32\MSVCP100.dll:MSVCP100.dll (0000000074530000), size: 622592 (result: 0), SymType: '-nosymbols-', PDB: 'C:\WINDOWS\SYSTEM32\MSVCP100.dll', fileVersion: 10.0.40219.325
C:\WINDOWS\SYSTEM32\MSVCR100.dll:MSVCR100.dll (0000000074450000), size: 860160 (result: 0), SymType: '-exported-', PDB: 'C:\WINDOWS\SYSTEM32\MSVCR100.dll', fileVersion: 10.0.40219.325
D:\UNITY_PROJECT\2022.3.33f1\Editor\embree.dll:embree.dll (00007FFC47270000), size: 16711680 (result: 0), SymType: '-nosymbols-', PDB: 'D:\UNITY_PROJECT\2022.3.33f1\Editor\embree.dll', fileVersion: 2.14.0.0
D:\UNITY_PROJECT\2022.3.33f1\Editor\tbb.dll:tbb.dll (00007FFC891D0000), size: 413696 (result: 0), SymType: '-exported-', PDB: 'D:\UNITY_PROJECT\2022.3.33f1\Editor\tbb.dll', fileVersion: 2017.0.2016.1004
C:\WINDOWS\SYSTEM32\MSVCP120.dll:MSVCP120.dll (00007FFC74D80000), size: 679936 (result: 0), SymType: '-deferred-', PDB: '', fileVersion: 12.0.40660.0
C:\WINDOWS\SYSTEM32\MSVCR120.dll:MSVCR120.dll (00007FFC74890000), size: 978944 (result: 0), SymType: '-exported-', PDB: 'C:\WINDOWS\SYSTEM32\MSVCR120.dll', fileVersion: 12.0.40660.0
C:\WINDOWS\SYSTEM32\cfgmgr32.DLL:cfgmgr32.DLL (00007FFD05480000), size: 319488 (result: 0), SymType: '-exported-', PDB: 'C:\WINDOWS\SYSTEM32\cfgmgr32.DLL', fileVersion: 10.0.22621.2506
C:\WINDOWS\SYSTEM32\MSWSOCK.DLL:MSWSOCK.DLL (00007FFD04D80000), size: 430080 (result: 0), SymType: '-exported-', PDB: 'C:\WINDOWS\SYSTEM32\MSWSOCK.DLL', fileVersion: 10.0.22621.2506
D:\UNITY_PROJECT\2022.3.33f1\Editor\OpenRL_pthread.dll:OpenRL_pthread.dll (00000225E6DE0000), size: 61440 (result: 0), SymType: '-exported-', PDB: 'D:\UNITY_PROJECT\2022.3.33f1\Editor\OpenRL_pthread.dll', fileVersion: 2.9.0.0
C:\WINDOWS\SYSTEM32\MSASN1.dll:MSASN1.dll (00007FFD05500000), size: 73728 (result: 0), SymType: '-exported-', PDB: 'C:\WINDOWS\SYSTEM32\MSASN1.dll', fileVersion: 10.0.22621.2506
C:\WINDOWS\System32\bcryptprimitives.dll:bcryptprimitives.dll (00007FFD057F0000), size: 503808 (result: 0), SymType: '-exported-', PDB: 'C:\WINDOWS\System32\bcryptprimitives.dll', fileVersion: 10.0.22621.3672
C:\WINDOWS\SYSTEM32\kernel.appcore.dll:kernel.appcore.dll (00007FFD04910000), size: 98304 (result: 0), SymType: '-exported-', PDB: 'C:\WINDOWS\SYSTEM32\kernel.appcore.dll', fileVersion: 10.0.22621.3958
C:\WINDOWS\system32\uxtheme.dll:uxtheme.dll (00007FFCFFF20000), size: 720896 (result: 0), SymType: '-exported-', PDB: 'C:\WINDOWS\system32\uxtheme.dll', fileVersion: 10.0.22621.3958
C:\WINDOWS\SYSTEM32\windows.storage.dll:windows.storage.dll (00007FFD03750000), size: 9428992 (result: 0), SymType: '-exported-', PDB: 'C:\WINDOWS\SYSTEM32\windows.storage.dll', fileVersion: 10.0.22621.4037
C:\WINDOWS\SYSTEM32\wintypes.dll:wintypes.dll (00007FFD03610000), size: 1306624 (result: 0), SymType: '-exported-', PDB: 'C:\WINDOWS\SYSTEM32\wintypes.dll', fileVersion: 10.0.22621.3810
C:\WINDOWS\System32\SHCORE.dll:SHCORE.dll (00007FFD08180000), size: 1019904 (result: 0), SymType: '-exported-', PDB: 'C:\WINDOWS\System32\SHCORE.dll', fileVersion: 10.0.22621.3958
C:\WINDOWS\SYSTEM32\profapi.dll:profapi.dll (00007FFD05720000), size: 135168 (result: 0), SymType: '-nosymbols-', PDB: 'C:\WINDOWS\SYSTEM32\profapi.dll', fileVersion: 10.0.22621.3527
C:\WINDOWS\system32\IconCodecService.dll:IconCodecService.dll (00007FFCE8C60000), size: 36864 (result: 0), SymType: '-nosymbols-', PDB: 'C:\WINDOWS\system32\IconCodecService.dll', fileVersion: 10.0.22621.1
C:\WINDOWS\SYSTEM32\WindowsCodecs.dll:WindowsCodecs.dll (00007FFCFFD20000), size: 1773568 (result: 0), SymType: '-exported-', PDB: 'C:\WINDOWS\SYSTEM32\WindowsCodecs.dll', fileVersion: 10.0.22621.3880
C:\WINDOWS\System32\clbcatq.dll:clbcatq.dll (00007FFD06200000), size: 720896 (result: 0), SymType: '-exported-', PDB: 'C:\WINDOWS\System32\clbcatq.dll', fileVersion: 2001.12.10941.16384
C:\WINDOWS\System32\netprofm.dll:netprofm.dll (00007FFCFF290000), size: 491520 (result: 0), SymType: '-exported-', PDB: 'C:\WINDOWS\System32\netprofm.dll', fileVersion: 10.0.22621.3527
C:\WINDOWS\System32\npmproxy.dll:npmproxy.dll (00007FFCFCD70000), size: 98304 (result: 0), SymType: '-exported-', PDB: 'C:\WINDOWS\System32\npmproxy.dll', fileVersion: 10.0.22621.3527
C:\WINDOWS\System32\NSI.dll:NSI.dll (00007FFD064A0000), size: 36864 (result: 0), SymType: '-exported-', PDB: 'C:\WINDOWS\System32\NSI.dll', fileVersion: 10.0.22621.1
C:\WINDOWS\SYSTEM32\dhcpcsvc6.DLL:dhcpcsvc6.DLL (00007FFCFE610000), size: 102400 (result: 0), SymType: '-exported-', PDB: 'C:\WINDOWS\SYSTEM32\dhcpcsvc6.DLL', fileVersion: 10.0.22621.2506
C:\WINDOWS\SYSTEM32\dhcpcsvc.DLL:dhcpcsvc.DLL (00007FFCFE5F0000), size: 126976 (result: 0), SymType: '-exported-', PDB: 'C:\WINDOWS\SYSTEM32\dhcpcsvc.DLL', fileVersion: 10.0.22621.2506
C:\WINDOWS\SYSTEM32\DNSAPI.dll:DNSAPI.dll (00007FFD042D0000), size: 1015808 (result: 0), SymType: '-exported-', PDB: 'C:\WINDOWS\SYSTEM32\DNSAPI.dll', fileVersion: 10.0.22621.3733
C:\WINDOWS\system32\napinsp.dll:napinsp.dll (00007FFCD4EC0000), size: 94208 (result: 0), SymType: '-deferred-', PDB: '', fileVersion: 10.0.22621.1
C:\WINDOWS\system32\pnrpnsp.dll:pnrpnsp.dll (00007FFCE1C30000), size: 110592 (result: 0), SymType: '-deferred-', PDB: '', fileVersion: 10.0.22621.1
C:\WINDOWS\System32\winrnr.dll:winrnr.dll (00007FFCE1C10000), size: 69632 (result: 0), SymType: '-deferred-', PDB: '', fileVersion: 10.0.22621.1
C:\WINDOWS\system32\wshbth.dll:wshbth.dll (00007FFCFD0E0000), size: 86016 (result: 0), SymType: '-deferred-', PDB: '', fileVersion: 10.0.22621.3958
C:\WINDOWS\system32\nlansp_c.dll:nlansp_c.dll (00007FFCE1BE0000), size: 159744 (result: 0), SymType: '-deferred-', PDB: '', fileVersion: 10.0.22621.3672
C:\WINDOWS\System32\fwpuclnt.dll:fwpuclnt.dll (00007FFCFD140000), size: 536576 (result: 0), SymType: '-deferred-', PDB: '', fileVersion: 10.0.22621.3235
C:\Windows\System32\rasadhlp.dll:rasadhlp.dll (00007FFCFE4E0000), size: 40960 (result: 0), SymType: '-exported-', PDB: 'C:\Windows\System32\rasadhlp.dll', fileVersion: 10.0.22621.1
D:\UNITY_PROJECT\2022.3.33f1\Editor\NVUnityPlugin.DLL:NVUnityPlugin.DLL (00007FFC4EC50000), size: 1519616 (result: 0), SymType: '-exported-', PDB: 'D:\UNITY_PROJECT\2022.3.33f1\Editor\NVUnityPlugin.DLL'
D:\UNITY_PROJECT\2022.3.33f1\Editor\Data\Tools\astcenc-avx2.dll:astcenc-avx2.dll (00007FFC4EBC0000), size: 540672 (result: 0), SymType: '-exported-', PDB: 'D:\UNITY_PROJECT\2022.3.33f1\Editor\Data\Tools\astcenc-avx2.dll'
C:\WINDOWS\System32\MMDevApi.dll:MMDevApi.dll (00007FFCF9C60000), size: 643072 (result: 0), SymType: '-deferred-', PDB: '', fileVersion: 10.0.22621.3672
C:\WINDOWS\System32\DEVOBJ.dll:DEVOBJ.dll (00007FFD054D0000), size: 180224 (result: 0), SymType: '-deferred-', PDB: '', fileVersion: 10.0.22621.2506
C:\WINDOWS\SYSTEM32\d3d11.dll:d3d11.dll (00007FFCFB750000), size: 2453504 (result: 0), SymType: '-deferred-', PDB: '', fileVersion: 10.0.22621.3672
C:\WINDOWS\SYSTEM32\dxgi.dll:dxgi.dll (00007FFD00090000), size: 1011712 (result: 0), SymType: '-deferred-', PDB: '', fileVersion: 10.0.22621.4036
C:\WINDOWS\SYSTEM32\directxdatabasehelper.dll:directxdatabasehelper.dll (00007FFCFA6A0000), size: 299008 (result: 0), SymType: '-deferred-', PDB: '', fileVersion: 10.0.22621.3672
C:\WINDOWS\System32\DriverStore\FileRepository\nvami.inf_amd64_afa6df0b7490d433\nvldumdx.dll:nvldumdx.dll (00007FFC4E0D0000), size: 790528 (result: 0), SymType: '-deferred-', PDB: '', fileVersion: 32.0.15.5585
C:\WINDOWS\SYSTEM32\cryptnet.dll:cryptnet.dll (00007FFCFA890000), size: 204800 (result: 0), SymType: '-deferred-', PDB: '', fileVersion: 10.0.22621.1
C:\WINDOWS\SYSTEM32\cryptbase.dll:cryptbase.dll (00007FFD05000000), size: 49152 (result: 0), SymType: '-deferred-', PDB: '', fileVersion: 10.0.22621.1
C:\WINDOWS\SYSTEM32\wldp.dll:wldp.dll (00007FFD05090000), size: 299008 (result: 0), SymType: '-deferred-', PDB: '', fileVersion: 10.0.22621.4036
C:\WINDOWS\SYSTEM32\drvstore.dll:drvstore.dll (00007FFCFA6F0000), size: 1449984 (result: 0), SymType: '-exported-', PDB: 'C:\WINDOWS\SYSTEM32\drvstore.dll', fileVersion: 10.0.22621.3958
C:\WINDOWS\System32\imagehlp.dll:imagehlp.dll (00007FFD07990000), size: 126976 (result: 0), SymType: '-exported-', PDB: 'C:\WINDOWS\System32\imagehlp.dll', fileVersion: 10.0.22621.1
C:\WINDOWS\SYSTEM32\CRYPTSP.dll:CRYPTSP.dll (00007FFD04FE0000), size: 110592 (result: 0), SymType: '-exported-', PDB: 'C:\WINDOWS\SYSTEM32\CRYPTSP.dll', fileVersion: 10.0.22621.3672
C:\WINDOWS\system32\rsaenh.dll:rsaenh.dll (00007FFD04870000), size: 217088 (result: 0), SymType: '-exported-', PDB: 'C:\WINDOWS\system32\rsaenh.dll', fileVersion: 10.0.22621.1
C:\WINDOWS\System32\DriverStore\FileRepository\nvami.inf_amd64_afa6df0b7490d433\nvgpucomp64.dll:nvgpucomp64.dll (00007FFC43AE0000), size: 31649792 (result: 0), SymType: '-exported-', PDB: 'C:\WINDOWS\System32\DriverStore\FileRepository\nvami.inf_amd64_afa6df0b7490d433\nvgpucomp64.dll', fileVersion: 32.0.15.5585
C:\WINDOWS\System32\DriverStore\FileRepository\nvami.inf_amd64_afa6df0b7490d433\Display.NvContainer\NvMessageBus.dll:NvMessageBus.dll (00007FFCEEFC0000), size: 3506176 (result: 0), SymType: '-exported-', PDB: 'C:\WINDOWS\System32\DriverStore\FileRepository\nvami.inf_amd64_afa6df0b7490d433\Display.NvContainer\NvMessageBus.dll', fileVersion: 3.12.3354.5005
C:\WINDOWS\System32\DriverStore\FileRepository\nvami.inf_amd64_afa6df0b7490d433\nvwgf2umx.dll:nvwgf2umx.dll (00007FFC23360000), size: 62603264 (result: 0), SymType: '-exported-', PDB: 'C:\WINDOWS\System32\DriverStore\FileRepository\nvami.inf_amd64_afa6df0b7490d433\nvwgf2umx.dll', fileVersion: 32.0.15.5585
C:\WINDOWS\SYSTEM32\POWRPROF.dll:POWRPROF.dll (00007FFD04680000), size: 315392 (result: 0), SymType: '-exported-', PDB: 'C:\WINDOWS\SYSTEM32\POWRPROF.dll', fileVersion: 10.0.22621.3958
C:\WINDOWS\SYSTEM32\UMPDC.dll:UMPDC.dll (00007FFD04660000), size: 77824 (result: 0), SymType: '-exported-', PDB: 'C:\WINDOWS\SYSTEM32\UMPDC.dll', fileVersion: 10.0.22621.1
C:\WINDOWS\system32\nvspcap64.dll:nvspcap64.dll (00007FFC48DB0000), size: 2949120 (result: 0), SymType: '-deferred-', PDB: '', fileVersion: 3.28.0.417
C:\WINDOWS\SYSTEM32\ntmarta.dll:ntmarta.dll (00007FFD04930000), size: 212992 (result: 0), SymType: '-deferred-', PDB: '', fileVersion: 10.0.22621.1
C:\WINDOWS\system32\wbem\wbemprox.dll:wbemprox.dll (00007FFCF9FB0000), size: 65536 (result: 0), SymType: '-exported-', PDB: 'C:\WINDOWS\system32\wbem\wbemprox.dll', fileVersion: 10.0.22621.3672
C:\WINDOWS\SYSTEM32\wbemcomn.dll:wbemcomn.dll (00007FFCF9F30000), size: 524288 (result: 0), SymType: '-exported-', PDB: 'C:\WINDOWS\SYSTEM32\wbemcomn.dll', fileVersion: 10.0.22621.2506
C:\WINDOWS\system32\wbem\wbemsvc.dll:wbemsvc.dll (00007FFCEF540000), size: 81920 (result: 0), SymType: '-exported-', PDB: 'C:\WINDOWS\system32\wbem\wbemsvc.dll', fileVersion: 10.0.22621.3672
C:\WINDOWS\system32\wbem\fastprox.dll:fastprox.dll (00007FFCEF560000), size: 1015808 (result: 0), SymType: '-exported-', PDB: 'C:\WINDOWS\system32\wbem\fastprox.dll', fileVersion: 10.0.22621.3672
C:\WINDOWS\SYSTEM32\amsi.dll:amsi.dll (00007FFCDE610000), size: 118784 (result: 0), SymType: '-exported-', PDB: 'C:\WINDOWS\SYSTEM32\amsi.dll', fileVersion: 10.0.22621.3527
C:\WINDOWS\SYSTEM32\USERENV.dll:USERENV.dll (00007FFD04E80000), size: 163840 (result: 0), SymType: '-exported-', PDB: 'C:\WINDOWS\SYSTEM32\USERENV.dll', fileVersion: 10.0.22621.3527
C:\ProgramData\Microsoft\Windows Defender\Platform\4.18.24070.5-0\MpOav.dll:MpOav.dll (00007FFCDE480000), size: 528384 (result: 0), SymType: '-exported-', PDB: 'C:\ProgramData\Microsoft\Windows Defender\Platform\4.18.24070.5-0\MpOav.dll', fileVersion: 4.18.24070.5
D:\UNITY_PROJECT\2022.3.33f1\Editor\cudart64_90.dll:cudart64_90.dll (00007FFC7C6D0000), size: 397312 (result: 0), SymType: '-exported-', PDB: 'D:\UNITY_PROJECT\2022.3.33f1\Editor\cudart64_90.dll', fileVersion: 6.14.11.9000
C:\WINDOWS\SYSTEM32\opencl.dll:opencl.dll (00007FFC7AF00000), size: 483328 (result: 0), SymType: '-deferred-', PDB: '', fileVersion: 3.0.6.0
D:\UNITY_PROJECT\2022.3.33f1\Editor\radeonrays.dll:radeonrays.dll (00007FFC4C980000), size: 557056 (result: 0), SymType: '-deferred-', PDB: ''
D:\UNITY_PROJECT\2022.3.33f1\Editor\Data\MonoBleedingEdge\EmbedRuntime\mono-2.0-bdwgc.dll:mono-2.0-bdwgc.dll (00007FFC46810000), size: 10825728 (result: 0), SymType: '-deferred-', PDB: ''
C:\WINDOWS\SYSTEM32\dbghelp.dll:dbghelp.dll (00007FFD03170000), size: 2301952 (result: 0), SymType: '-deferred-', PDB: '', fileVersion: 10.0.22621.3593
C:\WINDOWS\System32\psapi.dll:psapi.dll (00007FFD066F0000), size: 32768 (result: 0), SymType: '-deferred-', PDB: '', fileVersion: 10.0.22621.1
  ERROR: SymGetSymFromAddr64, GetLastError: 'Attempt to access invalid address.' (Address: 00007FFD05C7FABC)
0x00007FFD05C7FABC (KERNELBASE) (function-name not available)
0x00007FFC46880C1C (mono-2.0-bdwgc) [C:\build\output\Unity-Technologies\mono\mono\utils\mono-log-common.c:143] mono_log_write_logfile 
0x00007FFC4686C822 (mono-2.0-bdwgc) [C:\build\output\Unity-Technologies\mono\mono\eglib\goutput.c:172] monoeg_g_logv_nofree 
0x00007FFC4686C8FC (mono-2.0-bdwgc) [C:\build\output\Unity-Technologies\mono\mono\eglib\goutput.c:217] monoeg_assertion_message 
0x00007FFC46A78C33 (mono-2.0-bdwgc) [C:\build\output\Unity-Technologies\mono\mono\metadata\gc.c:1068] init_finalizer_thread 
0x00007FFC468AB36D (mono-2.0-bdwgc) [C:\build\output\Unity-Technologies\mono\mono\metadata\appdomain.c:404] mono_runtime_init_checked 
0x00007FFC46AA86EC (mono-2.0-bdwgc) [C:\build\output\Unity-Technologies\mono\mono\mini\mini-runtime.c:4651] mini_init 
0x00007FFC46B4A34B (mono-2.0-bdwgc) [C:\build\output\Unity-Technologies\mono\mono\mini\driver.c:2940] mono_jit_init_version 
  ERROR: SymGetSymFromAddr64, GetLastError: 'Attempt to access invalid address.' (Address: 00007FF7C336E921)
0x00007FF7C336E921 (Unity) (function-name not available)
  ERROR: SymGetSymFromAddr64, GetLastError: 'Attempt to access invalid address.' (Address: 00007FF7C339BC3F)
0x00007FF7C339BC3F (Unity) (function-name not available)
  ERROR: SymGetSymFromAddr64, GetLastError: 'Attempt to access invalid address.' (Address: 00007FF7C4325564)
0x00007FF7C4325564 (Unity) (function-name not available)
  ERROR: SymGetSymFromAddr64, GetLastError: 'Attempt to access invalid address.' (Address: 00007FF7C448511B)
0x00007FF7C448511B (Unity) (function-name not available)
  ERROR: SymGetSymFromAddr64, GetLastError: 'Attempt to access invalid address.' (Address: 00007FF7C3FF58F8)
0x00007FF7C3FF58F8 (Unity) (function-name not available)
  ERROR: SymGetSymFromAddr64, GetLastError: 'Attempt to access invalid address.' (Address: 00007FF7C448A2D5)
0x00007FF7C448A2D5 (Unity) (function-name not available)
0x00007FF7C586F46E (Unity) udnSetPath
  ERROR: SymGetSymFromAddr64, GetLastError: 'Attempt to access invalid address.' (Address: 00007FFD06A9257D)
0x00007FFD06A9257D (KERNEL32) (function-name not available)
  ERROR: SymGetSymFromAddr64, GetLastError: 'Attempt to access invalid address.' (Address: 00007FFD0852AF28)
0x00007FFD0852AF28 (ntdll) (function-name not available)

========== END OF STACKTRACE ===========

A crash has been intercepted by the crash handler. For call stack and other details, see the latest crash report generated in:
 * C:/Users/dilmi/AppData/Local/Temp/Unity/Editor/Crashes
