Using pre-set license
Built from '2022.3/staging' branch; Version is '2022.3.33f1 (b2c853adf198) revision 11716691'; Using compiler version '192829333'; Build Type 'Release'
OS: 'Windows 11  (10.0.22631) 64bit CoreSingleLanguage' Language: 'en' Physical Memory: 7930 MB
BatchMode: 1, IsHumanControllingUs: 0, StartBugReporterOnCrash: 0, Is64bit: 1, IsPro: 1

COMMAND LINE ARGUMENTS:
D:\UNITY_PROJECT\2022.3.33f1\Editor\Unity.exe
-adb2
-batchMode
-noUpm
-name
AssetImportWorker0
-projectPath
D:/Clone1
-logFile
Logs/AssetImportWorker0.log
-srvPort
54143
Successfully changed project path to: D:/Clone1
D:/Clone1
[UnityMemory] Configuration Parameters - Can be set up in boot.config
    "memorysetup-bucket-allocator-granularity=16"
    "memorysetup-bucket-allocator-bucket-count=8"
    "memorysetup-bucket-allocator-block-size=33554432"
    "memorysetup-bucket-allocator-block-count=8"
    "memorysetup-main-allocator-block-size=16777216"
    "memorysetup-thread-allocator-block-size=16777216"
    "memorysetup-gfx-main-allocator-block-size=16777216"
    "memorysetup-gfx-thread-allocator-block-size=16777216"
    "memorysetup-cache-allocator-block-size=4194304"
    "memorysetup-typetree-allocator-block-size=2097152"
    "memorysetup-profiler-bucket-allocator-granularity=16"
    "memorysetup-profiler-bucket-allocator-bucket-count=8"
    "memorysetup-profiler-bucket-allocator-block-size=33554432"
    "memorysetup-profiler-bucket-allocator-block-count=8"
    "memorysetup-profiler-allocator-block-size=16777216"
    "memorysetup-profiler-editor-allocator-block-size=1048576"
    "memorysetup-temp-allocator-size-main=16777216"
    "memorysetup-job-temp-allocator-block-size=2097152"
    "memorysetup-job-temp-allocator-block-size-background=1048576"
    "memorysetup-job-temp-allocator-reduction-small-platforms=262144"
    "memorysetup-allocator-temp-initial-block-size-main=262144"
    "memorysetup-allocator-temp-initial-block-size-worker=262144"
    "memorysetup-temp-allocator-size-background-worker=32768"
    "memorysetup-temp-allocator-size-job-worker=262144"
    "memorysetup-temp-allocator-size-preload-manager=33554432"
    "memorysetup-temp-allocator-size-nav-mesh-worker=65536"
    "memorysetup-temp-allocator-size-audio-worker=65536"
    "memorysetup-temp-allocator-size-cloud-worker=32768"
    "memorysetup-temp-allocator-size-gi-baking-worker=262144"
    "memorysetup-temp-allocator-size-gfx=262144"
Player connection [29160] Host "[IP] 192.168.1.5 [Port] 0 [Flags] 2 [Guid] 1120496878 [EditorId] 1120496878 [Version] 1048832 [Id] WindowsEditor(7,LAPTOP-F7KE9D11) [Debug] 1 [PackageName] WindowsEditor [ProjectName] Editor" joined multi-casting on [225.0.0.222:54997]...

Player connection [29160] Host "[IP] 192.168.1.5 [Port] 0 [Flags] 2 [Guid] 1120496878 [EditorId] 1120496878 [Version] 1048832 [Id] WindowsEditor(7,LAPTOP-F7KE9D11) [Debug] 1 [PackageName] WindowsEditor [ProjectName] Editor" joined alternative multi-casting on [225.0.0.222:34997]...

[PhysX] Initialized MultithreadedTaskDispatcher with 12 workers.
Refreshing native plugins compatible for Editor in 1529.86 ms, found 4 plugins.
Preloading 0 native plugins for Editor in 0.00 ms.
Initialize engine version: 2022.3.33f1 (b2c853adf198)
[Subsystems] Discovering subsystems at path D:/UNITY_PROJECT/2022.3.33f1/Editor/Data/Resources/UnitySubsystems
[Subsystems] Discovering subsystems at path D:/Clone1/Assets
GfxDevice: creating device client; threaded=0; jobified=0
Direct3D:
    Version:  Direct3D 11.0 [level 11.1]
    Renderer: NVIDIA GeForce RTX 3050 Laptop GPU (ID=0x25a5)
    Vendor:   NVIDIA
    VRAM:     3964 MB
    Driver:   32.0.15.5585
Initialize mono
Mono path[0] = 'D:/UNITY_PROJECT/2022.3.33f1/Editor/Data/Managed'
Mono path[1] = 'D:/UNITY_PROJECT/2022.3.33f1/Editor/Data/MonoBleedingEdge/lib/mono/unityjit-win32'
Mono config path = 'D:/UNITY_PROJECT/2022.3.33f1/Editor/Data/MonoBleedingEdge/etc'
Using monoOptions --debugger-agent=transport=dt_socket,embedding=1,server=y,suspend=n,address=127.0.0.1:56848
Begin MonoManager ReloadAssembly
Registering precompiled unity dll's ...
Register platform support module: D:/UNITY_PROJECT/2022.3.33f1/Editor/Data/PlaybackEngines/WebGLSupport/UnityEditor.WebGL.Extensions.dll
Register platform support module: D:/UNITY_PROJECT/2022.3.33f1/Editor/Data/PlaybackEngines/MacStandaloneSupport/UnityEditor.OSXStandalone.Extensions.dll
Register platform support module: D:/UNITY_PROJECT/2022.3.33f1/Editor/Data/PlaybackEngines/AndroidPlayer/UnityEditor.Android.Extensions.dll
Register platform support module: D:/UNITY_PROJECT/2022.3.33f1/Editor/Data/PlaybackEngines/iOSSupport/UnityEditor.iOS.Extensions.dll
Register platform support module: D:/UNITY_PROJECT/2022.3.33f1/Editor/Data/PlaybackEngines/VisionOSPlayer/UnityEditor.VisionOS.Extensions.dll
Register platform support module: D:/UNITY_PROJECT/2022.3.33f1/Editor/Data/PlaybackEngines/AppleTVSupport/UnityEditor.AppleTV.Extensions.dll
Register platform support module: D:/UNITY_PROJECT/2022.3.33f1/Editor/Data/PlaybackEngines/WindowsStandaloneSupport/UnityEditor.WindowsStandalone.Extensions.dll
Register platform support module: D:/UNITY_PROJECT/2022.3.33f1/Editor/Data/PlaybackEngines/LinuxStandaloneSupport/UnityEditor.LinuxStandalone.Extensions.dll
Register platform support module: D:/UNITY_PROJECT/2022.3.33f1/Editor/Data/PlaybackEngines/MetroSupport/UnityEditor.UWP.Extensions.dll
Registered in 0.050457 seconds.
- Loaded All Assemblies, in  2.622 seconds
Native extension for UWP target not found
Native extension for LinuxStandalone target not found
Native extension for WindowsStandalone target not found
[usbmuxd] Start listen thread
[usbmuxd] Listen thread started
[usbmuxd] Send listen message
Native extension for AppleTV target not found
Failed to load: D:/UNITY_PROJECT/2022.3.33f1/Editor/Data/PlaybackEngines/VisionOSPlayer\x64\UnityEditor.VisionOS.Native.dll
Native extension for VisionOS target not found
[usbmuxd] Start listen thread
[usbmuxd] Listen thread started
[usbmuxd] Send listen message
Native extension for iOS target not found
Native extension for Android target not found
Android Extension - Scanning For ADB Devices 3738 ms
Native extension for OSXStandalone target not found
Native extension for WebGL target not found
Mono: successfully reloaded assembly
- Finished resetting the current domain, in  7.958 seconds
Domain Reload Profiling: 10580ms
	BeginReloadAssembly (1130ms)
		ExecutionOrderSort (0ms)
		DisableScriptedObjects (0ms)
		BackupInstance (0ms)
		ReleaseScriptingObjects (0ms)
		CreateAndSetChildDomain (2ms)
	RebuildCommonClasses (148ms)
	RebuildNativeTypeToScriptingClass (23ms)
	initialDomainReloadingComplete (279ms)
	LoadAllAssembliesAndSetupDomain (1040ms)
		LoadAssemblies (1142ms)
		RebuildTransferFunctionScriptingTraits (0ms)
		AnalyzeDomain (1014ms)
			TypeCache.Refresh (996ms)
				TypeCache.ScanAssembly (908ms)
			ScanForSourceGeneratedMonoScriptInfo (4ms)
			ResolveRequiredComponents (2ms)
	FinalizeReload (7960ms)
		ReleaseScriptCaches (0ms)
		RebuildScriptCaches (0ms)
		SetupLoadedEditorAssemblies (5292ms)
			LogAssemblyErrors (0ms)
			InitializePlatformSupportModulesInManaged (4761ms)
			SetLoadedEditorAssemblies (18ms)
			RefreshPlugins (0ms)
			BeforeProcessingInitializeOnLoad (7ms)
			ProcessInitializeOnLoadAttributes (367ms)
			ProcessInitializeOnLoadMethodAttributes (138ms)
			AfterProcessingInitializeOnLoad (0ms)
			EditorAssembliesLoaded (0ms)
		ExecutionOrderSort2 (0ms)
		AwakeInstancesAfterBackupRestoration (0ms)
========================================================================
Worker process is ready to serve import requests
Assertion failed on expression: 'res'
Unknown error occurred while loading 'VirtualArtifacts/Primary/331d1c37d891f334390adb8324042856'.
Assertion failed on expression: 'res'
Unknown error occurred while loading 'VirtualArtifacts/Primary/bc32b00ef6d2a48a0a017316f465b7b8'.
Assertion failed on expression: 'res'
Unknown error occurred while loading 'VirtualArtifacts/Primary/5df3c21c5237c994db89660fbdfee07d'.
Assertion failed on expression: 'res'
Unknown error occurred while loading 'VirtualArtifacts/Primary/ff0ba7aa14bc81c4cb4b1c28cd3460ed'.
Assertion failed on expression: 'res'
Unknown error occurred while loading 'VirtualArtifacts/Primary/6bc3b7ece49c6442d84ab192cce83e3b'.
Assertion failed on expression: 'res'
Unknown error occurred while loading 'VirtualArtifacts/Primary/a1b75159fe183205bba1d83e5e75a734'.
Assertion failed on expression: 'res'
Unknown error occurred while loading 'VirtualArtifacts/Primary/a398fde47a0349a40a9bdf8988c392c9'.
Assertion failed on expression: 'res'
Unknown error occurred while loading 'VirtualArtifacts/Primary/21c48a9c4396ce94eb4a38975f725e8c'.
Assertion failed on expression: 'res'
Unknown error occurred while loading 'VirtualArtifacts/Primary/0b677ddfd54046c498a20446baa4f932'.
Assertion failed on expression: 'res'
Unknown error occurred while loading 'VirtualArtifacts/Primary/a0b56195e00682b4594dfaeef9d5fa78'.
Assertion failed on expression: 'res'
Unknown error occurred while loading 'VirtualArtifacts/Primary/bc1106d4aa7a8f749b058b7c6a20ff36'.
Assertion failed on expression: 'res'
Unknown error occurred while loading 'VirtualArtifacts/Primary/dc99af6ad351838409126a573140507a'.
Assertion failed on expression: 'res'
Unknown error occurred while loading 'VirtualArtifacts/Primary/f231ac420620f4127b2cb48aab2c41ef'.
Assertion failed on expression: 'res'
Unknown error occurred while loading 'VirtualArtifacts/Primary/960d8526261647a9a1264b685b847459'.
Assertion failed on expression: 'res'
Unknown error occurred while loading 'VirtualArtifacts/Primary/767ef4adccc592649bc3b2c17a97a6dc'.
Assertion failed on expression: 'res'
Unknown error occurred while loading 'VirtualArtifacts/Primary/d0080567f62c3f94cb75b2927a349e22'.
Assertion failed on expression: 'res'
Unknown error occurred while loading 'VirtualArtifacts/Primary/0ee23038cfcd84aea891e63558b06e1d'.
Assertion failed on expression: 'res'
Unknown error occurred while loading 'VirtualArtifacts/Primary/f96d0ea807c081145a1170ed1b6d71e0'.

=================================================================
	Native Crash Reporting
=================================================================
Got a UNKNOWN while executing native code. This usually indicates
a fatal error in the mono runtime or one of the native libraries 
used by your application.
=================================================================

=================================================================
	Managed Stacktrace:
=================================================================
=================================================================
Received signal SIGSEGV
Obtained 29 stack frames
0x00007ff7c2c83db8 (Unity) 
0x00007ff7c2c929fc (Unity) 
0x00007ff7c2c844d1 (Unity) 
0x00007ff7c2c8ea1e (Unity) 
0x00007ff7c308c8d2 (Unity) 
0x00007ff7c308cf81 (Unity) 
0x00007ff7c308c66b (Unity) 
0x00007ff7c3456bbe (Unity) 
0x00007ff7c34382b3 (Unity) 
0x00007ff7c343769a (Unity) 
0x00007ff7c343d4e2 (Unity) 
0x00007ff7c343de71 (Unity) 
0x00007ff7c343dc2c (Unity) 
0x00007ff7c256d83b (Unity) 
0x00007ff7c3331809 (Unity) 
0x00007ff7c4831b7e (Unity) udnSetPath
0x00007ff7c48266ca (Unity) udnSetPath
0x00007ff7c48607b2 (Unity) udnSetPath
0x00007ff7c484c75e (Unity) udnSetPath
0x00007ff7c484e38e (Unity) udnSetPath
0x00007ff7c485eb5c (Unity) udnSetPath
0x00007ff7c48326bf (Unity) udnSetPath
0x00007ff7c47fd597 (Unity) udnSetPath
0x00007ff7c47fd61b (Unity) udnSetPath
0x00007ff7c3ff5cb1 (Unity) 
0x00007ff7c448a2d5 (Unity) 
0x00007ff7c586f46e (Unity) udnSetPath
0x00007ffd06a9257d (KERNEL32) BaseThreadInitThunk
0x00007ffd0852af28 (ntdll) RtlUserThreadStart

